<?xml version="1.0" encoding="UTF-8"?>
<robot generator="Robot 7.2.2 (Python 3.12.2 on win32)" generated="2025-02-10T14:29:33.527383" rpa="false" schemaversion="5">
<suite id="s1" name="Teste" source="C:\Users\hosty\Downloads\AutomationDesktopBot\test\teste.robot">
<test id="s1-t1" name="Open Notepad" line="5">
<kw name="Open Program" owner="lib">
<kw name="Windows Run" owner="RPA.Windows">
<msg time="2025-02-10T14:29:33.763805" level="INFO">Sending keys '{Win}r' to element: &lt;module 'uiautomation' from 'C:\\Users\\hosty\\AppData\\Roaming\\Python\\Python312\\site-packages\\uiautomation\\__init__.py'&gt;</msg>
<msg time="2025-02-10T14:29:34.307191" level="INFO">Sending keys 'notepad.exe' to element: &lt;module 'uiautomation' from 'C:\\Users\\hosty\\AppData\\Roaming\\Python\\Python312\\site-packages\\uiautomation\\__init__.py'&gt;</msg>
<msg time="2025-02-10T14:29:34.925050" level="INFO">Sending keys '{Enter}' to element: &lt;module 'uiautomation' from 'C:\\Users\\hosty\\AppData\\Roaming\\Python\\Python312\\site-packages\\uiautomation\\__init__.py'&gt;</msg>
<arg>${PROGRAM}</arg>
<tag>window</tag>
<doc>Use Windows Run window to launch an application.</doc>
<status status="PASS" start="2025-02-10T14:29:33.763805" elapsed="4.684284"/>
</kw>
<doc>Abre o Notepad e escreve texto automatizado</doc>
<status status="PASS" start="2025-02-10T14:29:33.762738" elapsed="4.685351"/>
</kw>
<status status="PASS" start="2025-02-10T14:29:33.762738" elapsed="4.687516"/>
</test>
<test id="s1-t2" name="Click In Text Editor" line="7">
<kw name="Click" owner="RPA.Windows">
<msg time="2025-02-10T14:29:38.455496" level="INFO">Locator timeout set to: 5.000000</msg>
<msg time="2025-02-10T14:29:38.456494" level="INFO">Getting element with locator: class:RichEditD2DPT</msg>
<msg time="2025-02-10T14:29:38.556365" level="INFO">Resulted root element: WindowsElement(item=&lt;uiautomation.uiautomation.PaneControl object at 0x000001AACCDC67B0&gt;, locator=None, name='Desktop 1', automation_id='', control_type='PaneControl', class_name='#32769', left=0, right=1920, top=0, bottom=1080, width=1920, height=1080, xcenter=960, ycenter=540)</msg>
<msg time="2025-02-10T14:29:38.556365" level="INFO">Locator 'class:RichEditD2DPT' produced matcher: MatchObject(locators=[('ClassName', 'RichEditD2DPT', 0)], _classes={'richeditd2dpt'}, max_level=0)</msg>
<msg time="2025-02-10T14:29:38.603484" level="INFO">Returning element: WindowsElement(item=&lt;uiautomation.uiautomation.DocumentControl object at 0x000001AACD0C7CE0&gt;, locator='class:RichEditD2DPT', name='Text editor', automation_id='', control_type='DocumentControl', class_name='RichEditD2DPT', left=-1864, right=-1067, top=266, bottom=1022, width=797, height=756, xcenter=-1466, ycenter=644)</msg>
<arg>class:RichEditD2DPT</arg>
<arg>timeout=5</arg>
<tag>action</tag>
<tag>mouse</tag>
<doc>Mouse click on element matching given locator.</doc>
<status status="PASS" start="2025-02-10T14:29:38.454464" elapsed="0.717337"/>
</kw>
<status status="PASS" start="2025-02-10T14:29:38.453232" elapsed="0.722157"/>
</test>
<test id="s1-t3" name="Write Text" line="10">
<kw name="Send Keys" owner="RPA.Windows">
<msg time="2025-02-10T14:29:39.178631" level="INFO">Getting element with locator: class:RichEditD2DPT</msg>
<msg time="2025-02-10T14:29:39.180623" level="INFO">Resulted root element: WindowsElement(item=&lt;uiautomation.uiautomation.PaneControl object at 0x000001AACD11CD40&gt;, locator=None, name='Desktop 1', automation_id='', control_type='PaneControl', class_name='#32769', left=0, right=1920, top=0, bottom=1080, width=1920, height=1080, xcenter=960, ycenter=540)</msg>
<msg time="2025-02-10T14:29:39.180623" level="INFO">Locator 'class:RichEditD2DPT' produced matcher: MatchObject(locators=[('ClassName', 'RichEditD2DPT', 0)], _classes={'richeditd2dpt'}, max_level=0)</msg>
<msg time="2025-02-10T14:29:39.228997" level="INFO">Returning element: WindowsElement(item=&lt;uiautomation.uiautomation.DocumentControl object at 0x000001AACD11CF50&gt;, locator='class:RichEditD2DPT', name='Text editor', automation_id='', control_type='DocumentControl', class_name='RichEditD2DPT', left=-1864, right=-1067, top=266, bottom=1022, width=797, height=756, xcenter=-1466, ycenter=644)</msg>
<msg time="2025-02-10T14:29:39.228997" level="INFO">Sending keys 'Gabriel é lindo!{Enter}' to element: ControlType: DocumentControl    ClassName: RichEditD2DPT    AutomationId:     Rect: (-1864,266,-1067,1022)[797x756]    Name: 'Text editor'    Handle: 0x4C06F2(4982514)</msg>
<arg>class:RichEditD2DPT</arg>
<arg>keys=Gabriel é lindo!</arg>
<arg>interval=0.1</arg>
<arg>send_enter=True</arg>
<tag>action</tag>
<tag>keyboard</tag>
<doc>Send keys to desktop, current window or to Control element
defined by given locator.</doc>
<status status="PASS" start="2025-02-10T14:29:39.177634" elapsed="2.282072"/>
</kw>
<kw name="Send Keys" owner="RPA.Windows">
<msg time="2025-02-10T14:29:41.462700" level="INFO">Getting element with locator: class:RichEditD2DPT</msg>
<msg time="2025-02-10T14:29:41.466211" level="INFO">Resulted root element: WindowsElement(item=&lt;uiautomation.uiautomation.PaneControl object at 0x000001AACD11D6A0&gt;, locator=None, name='Desktop 1', automation_id='', control_type='PaneControl', class_name='#32769', left=0, right=1920, top=0, bottom=1080, width=1920, height=1080, xcenter=960, ycenter=540)</msg>
<msg time="2025-02-10T14:29:41.466211" level="INFO">Locator 'class:RichEditD2DPT' produced matcher: MatchObject(locators=[('ClassName', 'RichEditD2DPT', 0)], _classes={'richeditd2dpt'}, max_level=0)</msg>
<msg time="2025-02-10T14:29:41.513448" level="INFO">Returning element: WindowsElement(item=&lt;uiautomation.uiautomation.DocumentControl object at 0x000001AACD11D8E0&gt;, locator='class:RichEditD2DPT', name='Text editor', automation_id='', control_type='DocumentControl', class_name='RichEditD2DPT', left=-1864, right=-1067, top=266, bottom=1022, width=797, height=756, xcenter=-1466, ycenter=644)</msg>
<msg time="2025-02-10T14:29:41.513448" level="INFO">Sending keys 'Isso é uma automação robot framework{Enter}' to element: ControlType: DocumentControl    ClassName: RichEditD2DPT    AutomationId:     Rect: (-1864,266,-1067,1022)[797x756]    Name: 'Text editor'    Handle: 0x4C06F2(4982514)</msg>
<arg>class:RichEditD2DPT</arg>
<arg>keys=Isso é uma automação robot framework</arg>
<arg>interval=0.1</arg>
<arg>send_enter=True</arg>
<tag>action</tag>
<tag>keyboard</tag>
<doc>Send keys to desktop, current window or to Control element
defined by given locator.</doc>
<status status="PASS" start="2025-02-10T14:29:41.460701" elapsed="4.307308"/>
</kw>
<kw name="Sleep" owner="BuiltIn">
<msg time="2025-02-10T14:29:48.770973" level="INFO">Slept 3 seconds.</msg>
<arg>3</arg>
<doc>Pauses the test executed for the given time.</doc>
<status status="PASS" start="2025-02-10T14:29:45.770011" elapsed="3.001998"/>
</kw>
<status status="PASS" start="2025-02-10T14:29:39.176523" elapsed="9.596492"/>
</test>
<test id="s1-t4" name="Close Window" line="14">
<kw name="Close Window" owner="RPA.Windows">
<msg time="2025-02-10T14:29:48.780683" level="INFO">Getting element with locator: class:Notepad and type:WindowControl</msg>
<msg time="2025-02-10T14:29:48.780683" level="INFO">Resulted root element: WindowsElement(item=&lt;uiautomation.uiautomation.PaneControl object at 0x000001AACD11E660&gt;, locator='class:Notepad', name='Desktop 1', automation_id='', control_type='PaneControl', class_name='#32769', left=0, right=1920, top=0, bottom=1080, width=1920, height=1080, xcenter=960, ycenter=540)</msg>
<msg time="2025-02-10T14:29:48.780683" level="INFO">Locator 'class:Notepad and type:WindowControl' produced matcher: MatchObject(locators=[('ClassName', 'Notepad', 0), ('ControlType', 'WindowControl', 0)], _classes={'notepad'}, max_level=0)</msg>
<msg time="2025-02-10T14:29:48.826581" level="INFO">Returning element: WindowsElement(item=&lt;uiautomation.uiautomation.WindowControl object at 0x000001AACD11EB40&gt;, locator='class:Notepad and type:WindowControl', name='*Gabriel é lindo! - Notepad', automation_id='', control_type='WindowControl', class_name='Notepad', left=-1870, right=-1061, top=191, bottom=1060, width=809, height=869, xcenter=-1466, ycenter=625)</msg>
<msg time="2025-02-10T14:29:48.845792" level="INFO">Getting element with locator: WindowsElement(item=&lt;uiautomation.uiautomation.WindowControl object at 0x000001AACD11EB40&gt;, locator='class:Notepad and type:WindowControl', name='*Gabriel é lindo! - Notepad', automation_id='', control_type='WindowControl', class_name='Notepad', left=-1870, right=-1061, top=191, bottom=1060, width=809, height=869, xcenter=-1466, ycenter=625)</msg>
<msg time="2025-02-10T14:29:48.845792" level="INFO">Returning element: WindowsElement(item=&lt;uiautomation.uiautomation.WindowControl object at 0x000001AACD11EB40&gt;, locator='class:Notepad and type:WindowControl', name='*Gabriel é lindo! - Notepad', automation_id='', control_type='WindowControl', class_name='Notepad', left=-1870, right=-1061, top=191, bottom=1060, width=809, height=869, xcenter=-1466, ycenter=625)</msg>
<msg time="2025-02-10T14:29:49.351332" level="INFO">Closing window with name: *Gabriel é lindo! - Notepad (PID: 16248)</msg>
<arg>class:Notepad</arg>
<tag>window</tag>
<doc>Closes identified windows or logs the problems.</doc>
<status status="PASS" start="2025-02-10T14:29:48.776593" elapsed="0.579059"/>
</kw>
<status status="PASS" start="2025-02-10T14:29:48.775176" elapsed="0.581476"/>
</test>
<status status="PASS" start="2025-02-10T14:29:33.528392" elapsed="15.829261"/>
</suite>
<statistics>
<total>
<stat pass="4" fail="0" skip="0">All Tests</stat>
</total>
<tag>
</tag>
<suite>
<stat name="Teste" id="s1" pass="4" fail="0" skip="0">Teste</stat>
</suite>
</statistics>
<errors>
</errors>
</robot>
